<?xml version='1.0' encoding='UTF-8'?>
<testsuite hostname="TS-STUDENT-8761" name="YourSetTheoryLanguageTest" tests="19" errors="0" failures="0" skipped="0" time="0.309" timestamp="2022-11-08T22:20:24">
          <properties>
[...]
</properties>
          <testcase classname="YourSetTheoryLanguageTest" name="my first language for set theory operations should Throw an exception because class does not override a method in the interface inherited by the implemented interface" time="0.103">
                      
                    </testcase><testcase classname="YourSetTheoryLanguageTest" name="my first language for set theory operations should Create two interfaces and Implement it in a class" time="0.03">
                      
                    </testcase><testcase classname="YourSetTheoryLanguageTest" name="my first language for set theory operations should Creates an interface" time="0.001">
                      
                    </testcase><testcase classname="YourSetTheoryLanguageTest" name="my first language for set theory operations should Using the object created for the class which inherits a abstract class to call the override method" time="0.02">
                      
                    </testcase><testcase classname="YourSetTheoryLanguageTest" name="my first language for set theory operations should Creating an object for the class which inherits a abstract class" time="0.013">
                      
                    </testcase><testcase classname="YourSetTheoryLanguageTest" name="my first language for set theory operations should throw an Exception because object cannot be created for an abstract class" time="0.005">
                      
                    </testcase><testcase classname="YourSetTheoryLanguageTest" name="my first language for set theory operations should Create an object for the class and call a method" time="0.015">
                      
                    </testcase><testcase classname="YourSetTheoryLanguageTest" name="my first language for set theory operations should Create an object for the class" time="0.009">
                      
                    </testcase><testcase classname="YourSetTheoryLanguageTest" name="my first language for set theory operations should inheriting a abstract class with abstract methods in Child Class" time="0.004">
                      
                    </testcase><testcase classname="YourSetTheoryLanguageTest" name="my first language for set theory operations should inheriting a class with abstract methods, should throw an exception because the method is not defined in the derived class" time="0.009">
                      
                    </testcase><testcase classname="YourSetTheoryLanguageTest" name="my first language for set theory operations should inheriting a class with abstract methods" time="0.006">
                      
                    </testcase><testcase classname="YourSetTheoryLanguageTest" name="my first language for set theory operations should Create a class" time="0.002">
                      
                    </testcase><testcase classname="YourSetTheoryLanguageTest" name="my first language for set theory operations should Create a new object for the class" time="0.004">
                      
                    </testcase><testcase classname="YourSetTheoryLanguageTest" name="my first language for set theory operations should Using the object to setField" time="0.016">
                      
                    </testcase><testcase classname="YourSetTheoryLanguageTest" name="my first language for set theory operations should create a gate to test the De Morgan's law" time="0.02">
                      
                    </testcase><testcase classname="YourSetTheoryLanguageTest" name="my first language for set theory operations should Assign XOR gate expression to logicGate2" time="0.008">
                      
                    </testcase><testcase classname="YourSetTheoryLanguageTest" name="my first language for set theory operations should abide by the De Morgan's law" time="0.005">
                      
                    </testcase><testcase classname="YourSetTheoryLanguageTest" name="my first language for set theory operations should Testing Scope" time="0.02">
                      
                    </testcase><testcase classname="YourSetTheoryLanguageTest" name="my first language for set theory operations should Testing Scope with XNOR, NOR and NAND" time="0.019">
                      
                    </testcase>
          <system-out><![CDATA[]]></system-out>
          <system-err><![CDATA[]]></system-err>
        </testsuite>